<?xml version="1.0" encoding="UTF-8"?>
<!-- Generated by org.testng.reporters.JUnitReportReporter -->
<testsuite skipped="0" hostname="LAPTOP-P24V9RNH" name="tests.FbLoginTest" tests="1" failures="0" timestamp="24 Oct 2019 13:47:09 GMT" time="32.640" errors="0">
  <testcase name="init" time="32.640" classname="tests.FbLoginTest"/>
</testsuite> <!-- tests.FbLoginTest -->
